2020-05-10 16:38:05,465 INFO Movie --> Angrezi Medium Quote --> Bharat ko angrezon se azaadi lene mein 200 saal lage the ... tu 18 tak toh ruk hi sakti hai
2020-05-10 16:38:05,505 INFO Movie --> Angrezi Medium Quote --> Aadmi ka sapna toot jaata hai na, toh aadmi khatam ho jaata hai
2020-05-10 16:38:05,537 INFO Movie --> Angrezi Medium Quote --> Zindagi mein kuch bhi hone se pehle, imaandar hona bahut zaroori hai
2020-05-10 16:38:05,574 INFO Movie --> Angrezi Medium Quote --> Shauk do tarah ke hove hai ... ek toh woh joh samay ke saath khatam ho jave hai ... aur duja woh joh samay ke saath maqsad ban jave hai
2020-05-10 16:38:05,608 INFO Movie --> Angrezi Medium Quote --> Bachpan mein bacha hamari ungli pakad ke chale hai taake bheed mein kho na jave ... aur jis din woh hamari ungli chhod de ... toh aise laage jaise hum hi kho gaye ho ... par baat bhi hai bhaisaab ... jab talak balak aapki ungli chhodega nahi ... tab talak aake gale kaise lagavega
2020-05-10 16:38:05,648 INFO Movie --> Angrezi Medium Quote --> Maine suna tha police walo ko kabhi ungli nahi karni chahiye ... lekin police wale hamari aisi ungli karenge ... kabhi nahi socha tha yaar
2020-05-10 16:38:07,937 INFO Movie --> Baaghi 3 Quote --> Mujhpe aati toh main chhod deta ... mere bhai pe aati toh main phod deta
2020-05-10 16:38:07,971 INFO Movie --> Baaghi 3 Quote --> Agar mere bhai ko kuch hua na ... toh kasam hamare baap ki ... tumhare desh ko is duniya ke nakshe se mitta dunga
2020-05-10 16:38:08,008 INFO Movie --> Baaghi 3 Quote --> Aisi kya cheez hai joh insaan khareedta toh hai, pehenta nahi hai ... aur joh penhenta hai woh khareedta nahi hai ... kafan
2020-05-10 16:38:08,045 INFO Movie --> Baaghi 3 Quote --> Log rishton mein hadein paar karte hai ... mera ek aisa rishta tha jiske liye maine sarhadein paar kardi
2020-05-10 16:38:08,081 INFO Movie --> Baaghi 3 Quote --> Aisi kaunsi cheez hai joh tu pehenta bhi hai aur khayega bhi ... joota
2020-05-10 16:38:08,117 INFO Movie --> Baaghi 3 Quote --> Aisi kaunsi ma hai joh chakkar kaatke har baar saamne aake khadi hoti hai ... karma
2020-05-10 16:38:08,152 INFO Movie --> Baaghi 3 Quote --> Joh uniform mein rehta hai, woh hamesha form mein rehta hai ... joh khaaki pehenta hai, wohi mujrimon ko khaak mein milata hai ... aur jiske kandhon pe stars hote hai, wohi asli superstar hota hai
2020-05-10 16:38:10,213 INFO Movie --> Happy Hardy And Heer Quote --> Dil mera pehli baar zor se dhadka hai ... unki ek jhalak milte hi life mein chha gaya filmy romance ka tadka hai
2020-05-10 16:38:10,254 INFO Movie --> Happy Hardy And Heer Quote --> Insaan jab bachpan mein hota hai na, toh usse koi farak nahi padta hai ki log uske baare mein kya sochte hai ... aur jawani mein woh parwah nahi karta hai ki log uske baare mein kya sochte hai ... lekin budhape mein aate aate pata chalta hai ki log toh tumhare baare mein sochte hi nahi hai
2020-05-10 16:38:10,299 INFO Movie --> Happy Hardy And Heer Quote --> Mera waqt kuch yoon guzra iPhone ki delivery ke intezar mein ... ki karte rahe courier wale ke call ka wait, purane phone phek ke kabaad mein
2020-05-10 16:38:10,341 INFO Movie --> Happy Hardy And Heer Quote --> Hum life ko theek se samajhte nahi hai ... joh hamare paas nahi hai uski talash rehti hai ... aur joh paas hai woh hamare liye khaas nahi hota ... aur jab tak paas wale ki value samajh mein aati hai na ... tab tak woh past ban jaati hai
2020-05-10 16:38:10,383 INFO Movie --> Happy Hardy And Heer Quote --> Dil chhune wali kahaniyan kabhi dil cheer bhi deti hai
2020-05-10 16:38:10,420 INFO Movie --> Happy Hardy And Heer Quote --> Khane wale ko khane ka bahana chahiye ... bhook lage ya na lage khana chahiye
2020-05-10 16:38:10,459 INFO Movie --> Happy Hardy And Heer Quote --> Keh rahi hai nazdeekiyan faasle hai ab bhi darmiyan ... teri mohabbat mein awara hua hai dil, dhoond raha hai teri galiyan
2020-05-10 16:38:10,500 INFO Movie --> Happy Hardy And Heer Quote --> Waqt jab zakhm deta hai na ... uska ilaaj bhi waqt ke paas hi hota hai
2020-05-10 16:38:12,389 INFO Movie --> Jai Mummy Di Quote --> Kehte hai bhagwan ka sakshat roop hoti hai maa ... joh kaam bhagwan bhi nahi kar sakte, woh maa karti hai ... lekin jab ek maa doosri maa se takrati hai ... toh yehi maa sabki maa ki
2020-05-10 16:38:12,437 INFO Movie --> Jai Mummy Di Quote --> Himmat tabhi aati hai jab poori tarike se phatti pe hoti hai
2020-05-10 16:38:14,300 INFO Movie --> Jawaani Jaaneman Quote --> Sher hoon main sher ... aur sher tab tak raja hota hai jab tak akela rehta hai
2020-05-10 16:38:14,335 INFO Movie --> Jawaani Jaaneman Quote --> Family na aadmi ko chomu bana deti hai
2020-05-10 16:38:14,371 INFO Movie --> Jawaani Jaaneman Quote --> Mard apni poori zindagi mardangi ki baatein karte hai ... par pregnancy sunte hi jaise namard ho jaate hai
2020-05-10 16:38:17,828 INFO Movie --> Love Aaj Kal (2020) Quote --> Joh kehne ko aaya tha ... ankahi hi reh gayi woh baat ... sab baaton ke baat
2020-05-10 16:38:17,867 INFO Movie --> Love Aaj Kal (2020) Quote --> Aana toh poori tarah aana ... ya toh aana hi mat
2020-05-10 16:38:19,808 INFO Movie --> Malang Quote --> Ek darr do baar nahi lagta
2020-05-10 16:38:19,851 INFO Movie --> Malang Quote --> Badle mein hamesha do kabarein khodni padti hai ... jis mein ek apni khudki hoti hai
2020-05-10 16:38:19,894 INFO Movie --> Malang Quote --> Darr ki pahunch na bahut solid hoti hai ... kisi ko dil pe effect karti hai ... kisi ko dimaag pe ... aur kisi ko seedha taango ke beech
2020-05-10 16:38:19,933 INFO Movie --> Malang Quote --> Aaj ka andhera bahut gehra aane wala hai ... aur khamoshi kaan phaad
2020-05-10 16:38:19,969 INFO Movie --> Malang Quote --> Criminal ko arrest karke case khatam hota hai ... criminal nahi ... woh kabhi na kabhi dushman bankar phir vapas lautta hai
2020-05-10 16:38:21,806 INFO Movie --> Panga Quote --> Jab insaan ka waqt badalta hai na ... toh aas paas ke logon ka ravaiya bhi badal jaata hai
2020-05-10 16:38:21,846 INFO Movie --> Panga Quote --> Har ek khiladi apne liye ya apne team ke liye khelta hai ... sirf kuch ek khushnaseeb khiladi aise hote hai, jinko desh ke liye khelne ka mauka milta hai
2020-05-10 16:38:21,890 INFO Movie --> Panga Quote --> Koi bhi khiladi us din ke liye khelta hai, jis din woh desh ke liye khelta hai
2020-05-10 16:38:23,711 INFO Movie --> Shimla Mirchi Quote --> Deewane ka dimaag hai khali ... bina hope ke hi duniya basa li
2020-05-10 16:38:23,753 INFO Movie --> Shimla Mirchi Quote --> Tareef kya karoon main aapki, words nahi milte ... itne kam budget mein aise honhar balak nahi milte
2020-05-10 16:38:23,794 INFO Movie --> Shimla Mirchi Quote --> Kuch log joh sochte hai usse paate hai ... aur kuch aise loser hote hai joh sirf apna waqt ganwate hai
2020-05-10 16:38:23,834 INFO Movie --> Shimla Mirchi Quote --> Pyar us hi se karna joh tumse pyar kare ... khud se zyada tumpar aitbaar kare
2020-05-10 16:38:23,879 INFO Movie --> Shimla Mirchi Quote --> Jahan dekho ishq ke bimaar baithe hai ... lakhon mar gaye, saikadon taiyaar baithe hai
2020-05-10 16:38:27,779 INFO Movie --> Shubh Mangal Zyada Saavdhan Quote --> Shaadiyan mahurat se hoti hai ... par pyar ka koi mahurat nahi hota hai ... na rang hota hai ... aur na koi ling hota hai
2020-05-10 16:38:27,821 INFO Movie --> Shubh Mangal Zyada Saavdhan Quote --> Jack and Johnny went up the hill to live in love and laughter ... Jack ki leli papa ne aur Johnny chup gaya bhaagkar
2020-05-10 16:38:27,862 INFO Movie --> Shubh Mangal Zyada Saavdhan Quote --> Roz humein ladai ladni padti hai zindagi mein ... par joh ladai pariwar ke saath hoti hai woh saari ladaiyon mein sabse badi aur khatarnak hoti hai
2020-05-10 16:38:29,714 INFO Movie --> Sooryavanshi Quote --> Jis goli se tu marega uske upar aisa bade mein likha hoinga ... Made in India
2020-05-10 16:38:29,752 INFO Movie --> Sooryavanshi Quote --> Mumbai police passport pe religion dekhkar goli nahi chalati ... criminal record dekhkar thokti hai
2020-05-10 16:38:32,126 INFO Movie --> Street Dancer 3D Quote --> Chahe tere lab pe Waheguru da naam aave ya na aave ... lekin woh pal bhi ibadat da haunda hai jab tu kisi aur ke kaam aave
2020-05-10 16:38:32,165 INFO Movie --> Street Dancer 3D Quote --> Champion bhi ikka tab nikalta hai jab saamne badshah hota hai
2020-05-10 16:38:32,204 INFO Movie --> Street Dancer 3D Quote --> Tu jaanta hai tumhare aur hamare dance mein kya farak hai ... tu khud ke liye dance karta hai ... hum doosron ke liye
2020-05-10 16:38:32,242 INFO Movie --> Street Dancer 3D Quote --> Meri life ka rule number 1 hai ... never be number 2
2020-05-10 16:38:32,285 INFO Movie --> Street Dancer 3D Quote --> Dua tujhe aage milegi ya nahi milegi ... lekin yeh saali baddua hai na, yeh tera peecha kabhi nahi chhodegi
2020-05-10 16:38:32,326 INFO Movie --> Street Dancer 3D Quote --> Apna joh dil hai na woh dimaag jitna nahi sochta ... haan lekin joh sochta hai, bilkul sahi sochta hai
2020-05-10 16:38:32,370 INFO Movie --> Street Dancer 3D Quote --> Physics bolta hai ... two negatives make one positive ... economics bhi bolta hai ... akele mein loss karne se behtar hai, profit sharing karlo ... aur moral science bhi bolta hai ... united we stand and divided we fall ... history mein bhi kaha hai ... gore log India se tab bhaage jab hum log ek the
2020-05-10 16:38:32,410 INFO Movie --> Street Dancer 3D Quote --> Apne liye naacha toh kya naacha ... apno ke liye naacha toh koi baat hai
2020-05-10 16:38:32,470 INFO Movie --> Street Dancer 3D Quote --> We dance to express and you dance to impress
2020-05-10 16:38:35,038 INFO Movie --> Tanhaji: The Unsung Warrior Quote --> Har Maratha pagal hai ... swaraj ka, Shivaji raje ka, bagwe ka
2020-05-10 16:38:35,083 INFO Movie --> Tanhaji: The Unsung Warrior Quote --> Jab Shivaji raje ki talwar chalti hai ... toh auraton ka ghunghat aur brahmanon ka janeyu salamat rehta hai
2020-05-10 16:38:35,123 INFO Movie --> Tanhaji: The Unsung Warrior Quote --> Teri mitti jazbaat se judi hai aur meri akkal pani se ... tu jaan de sakta hai, main jaan le sakta hoon
2020-05-10 16:38:35,168 INFO Movie --> Tanhaji: The Unsung Warrior Quote --> Jise haarne ka darr nahi ... jeet usse door nahi
2020-05-10 16:38:35,208 INFO Movie --> Tanhaji: The Unsung Warrior Quote --> Joh yodha apni talwar khud banata hai ... us par uska vishwas dugna ho jaata hai
2020-05-10 16:38:35,249 INFO Movie --> Tanhaji: The Unsung Warrior Quote --> Jis tarah mitti ke har kann mein pahad hota hai ... har beej mein ek jungle ... har talwar mein ek sena ... ussi tarah har ek Maratha mein chupa hai lakh Maratha
2020-05-10 16:38:35,288 INFO Movie --> Tanhaji: The Unsung Warrior Quote --> Yudh mein shastra nahi, saahas chahiye ... sena nahi, himmat chahiye
2020-05-10 16:38:35,327 INFO Movie --> Tanhaji: The Unsung Warrior Quote --> Jab dushman ko hara na sake aur khud ki haar manzoor na ho ... toh ek hi raasta bachta hai ... sulah
2020-05-10 16:38:35,367 INFO Movie --> Tanhaji: The Unsung Warrior Quote --> Hamla ... pehla vaar lakh molachi
2020-05-10 16:38:37,294 INFO Movie --> Thappad Quote --> Rishtey banane mein utni effort nahi lagti jitna nibhane mein lagti hai
2020-05-10 16:38:37,336 INFO Movie --> Thappad Quote --> Hum toh hamesha sahi sochke karte hai ... aur kayi baar sahi karne ka result happy nahi hota
2020-05-10 16:38:37,374 INFO Movie --> Thappad Quote --> Har rishta flawed hota hai ... usse jodke rakhna padta hai
2020-05-10 16:38:40,634 INFO Movie --> Amavas Quote --> Sach hamesha woh nahi hota joh sirf dikhai de
2020-05-10 16:38:40,673 INFO Movie --> Amavas Quote --> Har sikke ke do pehlu hote hai ... if there is god, there is evil ... agar achai hai, toh burai bhi hai ... agar roshni hai, toh andhera bhi
2020-05-10 16:38:40,712 INFO Movie --> Amavas Quote --> Joh aatma badla chahti ho ya phir koi adhoori khwaish poori karne aayi ho ... woh bahut dangerous hoti hai
2020-05-10 16:38:42,617 INFO Movie --> Arjun Patiala Quote --> Jab chote the toh sochte the ki duniya badal denge ... vade huye toh samajh mein aaya ki duniya ko samajh le, yehi kaafi hai
2020-05-10 16:38:42,660 INFO Movie --> Arjun Patiala Quote --> Meri zindagi mein ladki ka aana utna hi mushkil hai jitna purani filmon mein court mein sahi salamat gawah ka pahunchna
2020-05-10 16:38:42,707 INFO Movie --> Arjun Patiala Quote --> Maa behen ki izzat ki jaati hai ... na ke unke izzat ki maa behen
2020-05-10 16:38:42,754 INFO Movie --> Arjun Patiala Quote --> Jaise maa apne bachon mein farak nahi karti ... aise police wala bhi apne badmasho mein farak nahi karte ... hum sabko ek hi aankh se dekhenge ... maa ki aankh se
2020-05-10 16:38:42,801 INFO Movie --> Arjun Patiala Quote --> Padai likhai mann se karo ... lekin khel kood jamke karo
2020-05-10 16:38:44,631 INFO Movie --> Article 15 Quote --> Chaand nikla hai zamane ke baad ... maza aa gaya hai aapke aane ke baad
2020-05-10 16:38:44,676 INFO Movie --> Article 15 Quote --> Life mein haan ya na ki probability 50-50 ki hoti hai ... aur mujhe lagta hai ki haan wala 50 bahut hota hai
2020-05-10 16:38:51,112 INFO Movie --> Bala Quote --> Aap mote, kaale, naate, ganje, chahe jaise bhi dikhte ho ... agar aap apne aapse pyar karenge toh duniya bhi aapse pyar karegi
2020-05-10 16:38:51,162 INFO Movie --> Bala Quote --> Roothi huyi girlfriend lautke aa sakti hai ... gayi huyi sarkar vapas aa sakti hai ... lekin gaye huye baal vapas nahi aate guru
2020-05-10 16:38:51,220 INFO Movie --> Bala Quote --> Kutta agar kaat le toh 14 sui lagta hai ... lekin agar khudhai ka kutta kaat le toh 28
2020-05-10 16:38:51,266 INFO Movie --> Bala Quote --> Hum baal hai ... sabse bada bawaal hai ... khopdi ki khaal hai ... bheje ki dhaal hai ... agar mil gaye toh kamaal hai ... aur nahi mile toh zindagi bhar ka malaal hai
2020-05-10 16:38:54,035 INFO Movie --> Bharat Quote --> Jitne safed baal mere sar aur daari mein hai ... usse kahin zyada rangeen meri zindagi rahi hai
2020-05-10 16:38:54,079 INFO Movie --> Bharat Quote --> Har muskurate huye chehre ke peeche ek dard chupa hota hai ... aur shayad wohi dard aapko zinda rakhta hai
2020-05-10 16:38:54,124 INFO Movie --> Bharat Quote --> Yeh sher boodha zaroor ho gaya hai ... lekin shikaar karna nahi bhoola
2020-05-10 16:38:54,208 INFO Movie --> Bharat Quote --> Logon ka yeh maanna hai ki duniya mein sirf saat kahaniyan hai ... lekin main yeh maanta hoon ki duniya mein jitne log hai utni hi kahaniyan hai
2020-05-10 16:38:54,248 INFO Movie --> Bharat Quote --> Desh logon se banta hai aur logon ki pehchan unke pariwar se hoti hai
2020-05-10 16:38:54,300 INFO Movie --> Bharat Quote --> Yeh desh vishwas aur insaaniyat ki neev par khada hua hai ... ho sakta hai waqt is desh ke beech mein lakeer kheench de ... lekin jab tak yeh lakeer is desh ke rehne walon ke dilon mein nahi kheenchegi na ... tab tak hum ek rahenge
2020-05-10 16:38:58,041 INFO Movie --> Bypass Road Quote --> Jinke dushman nahi hote ... unke apne hi dushman hote hai
2020-05-10 16:38:58,082 INFO Movie --> Bypass Road Quote --> Mujhe hurt karoge, chalega ... lekin mere ego ko hurt karoge, woh nahi chalega
2020-05-10 16:38:58,124 INFO Movie --> Bypass Road Quote --> Tum bas woh dekh rahe ho joh tumhe dekhna hai ... zindagi tumhe kya dikhana chahti hai woh dekho
2020-05-10 16:38:58,168 INFO Movie --> Bypass Road Quote --> Pyar badi harami cheez hoti hai ... kisi ke marne ki wajah hi nahi ... maarne ka maqsad bhi dhoond hi leti hai
2020-05-10 16:38:58,211 INFO Movie --> Bypass Road Quote --> Zindagi aur raste ek jaise hote hai ... kis modh pe badal jaaye, pata nahi chalta
2020-05-10 16:39:02,202 INFO Movie --> Chhichhore Quote --> Tumhara result decide nahi karta hai ki tum loser ho ki nahi ... tumhari koshish decide karti hai
2020-05-10 16:39:02,246 INFO Movie --> Chhichhore Quote --> Sache dost wohi hote hai ... joh achhe waqt mein aapki bajate hai ... aur jab mushkil waqt aata hai toh wohi chhichhore aapke darwaze par khade nazar aate hai
2020-05-10 16:39:02,290 INFO Movie --> Chhichhore Quote --> Doosron se haarke loser kehlane se kahin zyada bura hai ... khud se haarke loser kehlana
2020-05-10 16:39:02,334 INFO Movie --> Chhichhore Quote --> Hum haar jeet, success failure mein itna ulajh gaye hai ... ki zindagi jeena bhool gaye hai ... zindagi mein agar kuch sabse zyada important hai ... toh woh hai khud zindagi
2020-05-10 16:39:02,386 INFO Movie --> Chhichhore Quote --> Success ke baad ka plan sabke paas hai ... lekin agar galti se fail ho gaye ... toh failure se kaise deal karna hai ... koi baat hi nahi karna chahta
2020-05-10 16:39:02,430 INFO Movie --> Chhichhore Quote --> Yeh kaam bhi kitni chalu cheez hai na ... jab kaam ko time chahiye hota hai toh family adjust karti hai na ... aur jab family ko time chahiye toh kaam ko toh adjust karna padega
2020-05-10 16:39:02,477 INFO Movie --> Chhichhore Quote --> Pata nahi kya jaadu hai college life mein ... jahan anjaane milte hai aur dost ban jaate hai ... zindagi bhar ke liye ... aur aise waise dost nahi ... kutte dost
2020-05-10 16:39:04,577 INFO Movie --> Commando 3 Quote --> Hindustani Hindu ho ya Musalman ... ab kisine ungli ki ... toh haath judega nahi, todega
2020-05-10 16:39:04,616 INFO Movie --> Commando 3 Quote --> Pehle pardon mein chupa karta tha ... ab mardon mein ... bahut jald kabr mein chupega tu ... bacha sakta hai tu khudko toh bachale
2020-05-10 16:39:04,660 INFO Movie --> Commando 3 Quote --> Nasal ya fasal barbaad hoti hai toh desh barbaad hota hai
2020-05-10 16:39:04,705 INFO Movie --> Commando 3 Quote --> (Kafi jazbaati ho) - Na, sirf Bharatwadi
2020-05-10 16:39:07,149 INFO Movie --> Dabangg 3 Quote --> Maarenge bhi hum aur bachayenge bhi hum ... yeh tumhari aatma dekhegi aur ghanta kuch nahi kar payegi
2020-05-10 16:39:07,194 INFO Movie --> Dabangg 3 Quote --> Narazgi is baat ki nahi hai humein ke tum hamare ghar mein gusse ... narazgi toh is baat ki hai ke tum hamare ghar mein gusse jab hum nahi the
2020-05-10 16:39:07,236 INFO Movie --> Dabangg 3 Quote --> Ek hota hai policewala aur ek hota hai gunda ... hum kehlate hai policewala gunda
2020-05-10 16:39:07,280 INFO Movie --> Dabangg 3 Quote --> Hum unhi ko thokte hai joh ke zaroorat se zyada bhaukte hai
2020-05-10 16:39:07,321 INFO Movie --> Dabangg 3 Quote --> Achhai aur burai ki ladai mein aapne suna hoga ki jeet acchai ki hoti hai ... galat suna hai aapne ... jeet burai ki hoti hai ... kyun ki ek acche aadmi mein harane ke liye us level ka kameenapan hota hi nahi hai
2020-05-10 16:39:07,361 INFO Movie --> Dabangg 3 Quote --> Jiske aage ho Ali aur peeche Bajrangbali ... uska kya ukhaadega Bali ya Baahubali
2020-05-10 16:39:07,401 INFO Movie --> Dabangg 3 Quote --> Joh aurat doosri aurat ki izzat na kare ... hamari nazar mein woh aurat hi nahi
2020-05-10 16:39:07,440 INFO Movie --> Dabangg 3 Quote --> Tum jaise namardon ko dharti pe nahi ... dharti ke bheetar hona chahiye
2020-05-10 16:39:07,476 INFO Movie --> Dabangg 3 Quote --> Vyavastha mein kami kaam ke class ko gira deti hai ... aur hum class aur mass, dono ke liye kaam karte hai
2020-05-10 16:39:07,514 INFO Movie --> Dabangg 3 Quote --> Chamche ho, dhundle mein bhi saaf nazar aa rahe ho ... ab yeh clear karo ke teaspoon ho ya tablespoon
2020-05-10 16:39:07,550 INFO Movie --> Dabangg 3 Quote --> Ab sabke liye good news hai ... aur good news yeh hai ki, bad news samapth ho chuki hai
2020-05-10 16:39:09,428 INFO Movie --> De De Pyaar De Quote --> Milke tujhe ban gaya hoon ... na milta toh adhoora reh jaata ... sang chalta zamane ki bheed mein ... na jaane kis raah pe jaata ... main adhoora reh jaata
2020-05-10 16:39:09,470 INFO Movie --> De De Pyaar De Quote --> Main har cheez dobara kar lunga ... har jagah dobara chal lunga ... har galati dobara kar lunga ... har ladai dobara ladh lunga ... dobara mana lunga ... dobara our song chhun lunga ... dobara pet name bhi soch lunga ... har jhooth dobara bol lunga ... har taana dobara sun lunga ... har hasi dobara has lunga ... har aansun dobara roh lunga ... tere bina life badi jee huyi baasi si lagti hai ... mujhe ek baar phir apne saath dobara jeene de na
2020-05-10 16:39:09,512 INFO Movie --> De De Pyaar De Quote --> Shakal se shaadi-shuda aur harkaton se divorcee lagte ho
2020-05-10 16:39:11,624 INFO Movie --> Dream Girl (2019) Quote --> Duniya mein har koi galat hai ... aur sahi woh hai joh kam galat hai
2020-05-10 16:39:11,661 INFO Movie --> Dream Girl (2019) Quote --> Duniya mein jitni bheed badhti jaa rahi hai ... log utne hi akele hote jaa rahe hai
2020-05-10 16:39:11,701 INFO Movie --> Dream Girl (2019) Quote --> Dil kehta hai unse mil ... dimag kehta hai duty ke baad mil
2020-05-10 16:39:11,738 INFO Movie --> Dream Girl (2019) Quote --> Qaid mein hai zindagi, azaad ho jaa ... mohabbat mein chal barbaad ho jaa ... teri shehad si awaaz ko kaano se chakk loon ... tu mere ishq ka meetha swad ho jaa
2020-05-10 16:39:11,777 INFO Movie --> Dream Girl (2019) Quote --> Mard ke sar ke baal white ho sakte hai, lekin dil ke nahi
2020-05-10 16:39:11,821 INFO Movie --> Dream Girl (2019) Quote --> Dil tune kuch aisa kar daala ... na jee raha hoon na mar raha hoon ... yo kya ho gaya saala
2020-05-10 16:39:11,868 INFO Movie --> Dream Girl (2019) Quote --> Tumhari zulf ke saaye mein shaam kar longo ... aur safar ek umr ko tamaam kaam kar longo ... aur nazar milai toh pochongo ishq-o-anjaam ... aur nazar jukai toh khali salaam kar longo
2020-05-10 16:39:11,910 INFO Movie --> Dream Girl (2019) Quote --> Main acha hoon toh acha hoon ... aur bura hoon toh aur bhi acha hoon
2020-05-10 16:39:16,264 INFO Movie --> Family of Thakurganj Quote --> Jung ladne se pehle jung ladne ke darr se bahar nikalna padta hai ... tab jaake fateh hoti hai
2020-05-10 16:39:16,303 INFO Movie --> Family of Thakurganj Quote --> Bola kam hai ... yaad zyada rakhna
2020-05-10 16:39:16,345 INFO Movie --> Family of Thakurganj Quote --> Jin logon ke hausle kuchle jaate hai na ... manzil bhi wohi paate hai
2020-05-10 16:39:16,386 INFO Movie --> Family of Thakurganj Quote --> Dhanda koi bhi ho ... chalta zabaan pe hai
2020-05-10 16:39:16,423 INFO Movie --> Family of Thakurganj Quote --> Jahan burai ke bageeche hai ... wahan unhe tabah karne ke liye aandhiyan bhi toh hoti hai
2020-05-10 16:39:16,465 INFO Movie --> Family of Thakurganj Quote --> Hum sirf khodke nikalte nahi hai ... khodke nikalke phir gaadh dete hai
2020-05-10 16:39:16,505 INFO Movie --> Family of Thakurganj Quote --> Patang ko kaatne se pehle usko dheel deni chahiye ... phir jhatke se kaatna chahiye
2020-05-10 16:39:25,681 INFO Movie --> Housefull 4 Quote --> Tu mera pati ... main teri patni ... bhar de meri maang ... nahi toh cheer doongi teri taang
2020-05-10 16:39:25,731 INFO Movie --> Housefull 4 Quote --> Itihaas ki ek khasiyat hoti hai ... jab bhi woh khudko dohrata hai ... toh saare pyaade wahin khade milte hai
2020-05-10 16:39:25,775 INFO Movie --> Housefull 4 Quote --> Kismat ki bhi ek khasiyat hoti hai ... kismat ka paiya ghoomta hai na ... toh saare paase apne aap hi palat jaate hai
2020-05-10 16:39:25,821 INFO Movie --> Housefull 4 Quote --> Jiska zor kam hota hai wohi kamzor hota hai
2020-05-10 16:39:25,865 INFO Movie --> Housefull 4 Quote --> Kabootar ka yuck brings good luck
2020-05-10 16:39:25,914 INFO Movie --> Housefull 4 Quote --> Wife shakti ... husband sehanshakti
2020-05-10 16:39:25,963 INFO Movie --> Housefull 4 Quote --> Ranbhoomi mein tantra, mantra ya phir yantra chalta hai ... lekin vijayi wohi hota hai jahan shadyantra chalta hai
2020-05-10 16:39:27,831 INFO Movie --> India's Most Wanted Quote --> Aatma kabhi nahi marti, shareer marta hai ... main logon ko maar nahi raha hoon ... bas unki aatma ko doosre shareer mein bhej raha hoon
2020-05-10 16:39:27,880 INFO Movie --> India's Most Wanted Quote --> Yeh jung hai ... is jung mein kuch bhi ho ... chahe marenge ya maarenge ... milegi toh jannat hi
2020-05-10 16:39:27,924 INFO Movie --> India's Most Wanted Quote --> Joh koi bhi kisi bekasoor ka qatal karta hai ... woh poori insaaniyat ka qatil hai ... joh koi bhi ek zindagi bachata hai ... woh poori insaaniyat ko bachata hai
2020-05-10 16:39:30,318 INFO Movie --> Jabariya Jodi Quote --> Rukavat ke liye khed hai ... tumhara kidnap prepaid hai
2020-05-10 16:39:30,359 INFO Movie --> Jabariya Jodi Quote --> Bihar mein teen tarah se jodiyan banti hai babu ... himmat walo ki arranged jodi ... kismat walo ki love jodi ... aur dahej ke lalchiyon ki jabariya jodi
2020-05-10 16:39:30,400 INFO Movie --> Jabariya Jodi Quote --> Mohabbat ki bebasi ko kah kahe mere dost ... ki baanh mein koi aur hai aur chah mein koi aur
2020-05-10 16:39:30,441 INFO Movie --> Jabariya Jodi Quote --> Woh jaa rahi thi humse door kuch is qadar ... jaise saansein chhodkar zindagi jaa rahi ho
2020-05-10 16:39:30,494 INFO Movie --> Jabariya Jodi Quote --> Dil chota na ki jiye ... chota chota li jiye
2020-05-10 16:39:30,536 INFO Movie --> Jabariya Jodi Quote --> Dil toot gaya saansein gayi tham ... meri zindagi kuch barbaad si hai ... dil toot gaya toh kya ... woh khush hai khushi is baat ki hai
2020-05-10 16:39:30,574 INFO Movie --> Jabariya Jodi Quote --> Aisa shakal, zyada akal aur faltu ka dhakal dene walo ka hum sirf shradh karate hai
2020-05-10 16:39:30,611 INFO Movie --> Jabariya Jodi Quote --> Kisi se itna mat darro ki khud hi ke liye izzat khatam ho jaye ... kya hai na, kuch rishton mein na izzat aur darr ke beech ka farak pata nahi chalta
2020-05-10 16:39:30,650 INFO Movie --> Jabariya Jodi Quote --> Emotion ke loose motion lag gaye hai
2020-05-10 16:39:30,690 INFO Movie --> Jabariya Jodi Quote --> Paan banaye ho ki Japan banaye ho ... itna chota
2020-05-10 16:39:30,735 INFO Movie --> Jabariya Jodi Quote --> Duniya tikka hai siddhanto par ... par chalta settlement se hi hai
2020-05-10 16:39:33,170 INFO Movie --> Jhootha Kahin Ka Quote --> Subah ka bhoola agar shaam ko laute toh usse bhoola nahi kehte ... par shaam ka bhoola agar subah laute toh usse doodh ka dhoola bhi toh nahi kehte
2020-05-10 16:39:33,211 INFO Movie --> Jhootha Kahin Ka Quote --> Aaj kal doston ke beech mein jhappiyan gayi ... pappiyan chal rahi hai
2020-05-10 16:39:33,256 INFO Movie --> Jhootha Kahin Ka Quote --> Saala jitna tumhara shakal badsoorat hai utna tumhara aatma kaala hai ... itna kaala ki jab tumhara shareer se tumhara aatma niklega toh surya grahan padh jayega
2020-05-10 16:39:33,296 INFO Movie --> Jhootha Kahin Ka Quote --> Mann mein jab jhol ho aur chaddi mein hole ho ... toh aap jitna bhi beparwah ghoomo ... duniya ko sab dikh hi raha hota hai
2020-05-10 16:39:33,335 INFO Movie --> Jhootha Kahin Ka Quote --> (Didi ki muskaan achhi nahi lagi aapko kabhi) - Jahan inke dimple padte hai na ... teri didi ke wahan pimple rehte the
2020-05-10 16:39:33,375 INFO Movie --> Jhootha Kahin Ka Quote --> Khud ka shakal bulldog jaisa hai, humko dog bula raha hai
2020-05-10 16:39:33,416 INFO Movie --> Jhootha Kahin Ka Quote --> Zindagi bhar itna make-up lagaya hai ki tumhara original chehra kaunsa hai, yeh bhool gaya hoon main
2020-05-10 16:39:33,458 INFO Movie --> Jhootha Kahin Ka Quote --> Shaadi patane ka fayda nahi ... shaadi patane ki saza hoti hai
2020-05-10 16:39:33,498 INFO Movie --> Jhootha Kahin Ka Quote --> Handsome logon ko bhagwan fursat mein banata hai ... tumko khunas mein banaya hoga
2020-05-10 16:39:35,372 INFO Movie --> Judgementall Hai Kya Quote --> Aaj kal normal logon se darro
2020-05-10 16:39:35,419 INFO Movie --> Judgementall Hai Kya Quote --> Jis daali pe maine nazar daali, woh daali kisi ne kaat daali
2020-05-10 16:39:35,462 INFO Movie --> Judgementall Hai Kya Quote --> Jab ek samajhdaar aadmi ki satakti hai na ... toh bade se bade pagal ko bhi na seedha kar deta hai
2020-05-10 16:39:37,296 INFO Movie --> Kabir Singh Quote --> Life mein pehda hona, pyar karna aur mar jaana ... yeh 10% moments sabse important hote hai ... baaki 90% are just reactions to them
2020-05-10 16:39:37,342 INFO Movie --> Kabir Singh Quote --> I'm not a rebel without a cause
2020-05-10 16:39:37,387 INFO Movie --> Kabir Singh Quote --> Jaante bhoojhte crime karna is a bigger crime
2020-05-10 16:39:39,731 INFO Movie --> Kalank Quote --> Mohabbat aur nafrat dono ke rang laal hai ... lekin fark yeh hai ki nafrat se duniya barbaad ho jaati hai ... aur mohabbat mein khud barbaad hona padta hai ... phir bhi kalank aksar mohabbat pe lagta hai
2020-05-10 16:39:39,830 INFO Movie --> Kalank Quote --> Pyar na karne ki hazar wajah mil sakti hai darr ke bazar mein ... lekin pyar karne ki sirf ek dhoondni hoti hai apne dil mein
2020-05-10 16:39:39,891 INFO Movie --> Kalank Quote --> Umeed sirf intezar karati hai ... sachai nahi badalti
2020-05-10 16:39:39,945 INFO Movie --> Kalank Quote --> Mohabbat usse karte hai joh aap par izzat kar sake ... aapse aapke mohabbat se zyada mohabbat kar sake
2020-05-10 16:39:39,991 INFO Movie --> Kalank Quote --> Kabhi kabhi nuksaan rok lena faide se behtar hota hai
2020-05-10 16:39:40,038 INFO Movie --> Kalank Quote --> Ishq ka andhapan akal ke darwaje band kar deta hai
2020-05-10 16:39:40,080 INFO Movie --> Kalank Quote --> Ishq ki galiyan badi geeli hoti hai ... aksar aashiq phisalkar mooh ke bal girta hai
2020-05-10 16:39:40,120 INFO Movie --> Kalank Quote --> Najayaz mohabbat ka anjaam aksar tabahi hota hai
2020-05-10 16:39:40,159 INFO Movie --> Kalank Quote --> Logon ke kaam pe tavajoh dena seekh ... unke baap ke naam pe nahi
2020-05-10 16:39:40,200 INFO Movie --> Kalank Quote --> Marte huye ko apne karam theek karne chahiye ... tabiyat nahi
2020-05-10 16:39:40,237 INFO Movie --> Kalank Quote --> Gusse mein kiye faisle aksar galtiyon mein tabdeel hote hai
2020-05-10 16:39:40,278 INFO Movie --> Kalank Quote --> Pati patni ka rishta riwazon se nahi, pyar se bandna chahiye
2020-05-10 16:39:40,317 INFO Movie --> Kalank Quote --> Inquilaab khoon bahake laaya jaata hai ... baatein karke nahi
2020-05-10 16:39:42,234 INFO Movie --> Kesari Quote --> Ladne se sirf dushman khatam hota hai ... aur pani pilane se dushmani
2020-05-10 16:39:44,020 INFO Movie --> Khamoshi Quote --> Aane wale kal ki umeed mein joh rehte hai ... unhe beeta hua kal hara nahi sakta
2020-05-10 16:39:44,057 INFO Movie --> Khamoshi Quote --> Jab koi baat dil ko sahi lage ... tab woh baat sahi hoti hai ... phir duniya chahe kuch bhi kahe ... tum bas apne dil ki sun'na
2020-05-10 16:39:44,100 INFO Movie --> Khamoshi Quote --> Raat kitni bhi kaali kyun na ho ... subah ko nahi rok sakti
2020-05-10 16:39:52,881 INFO Movie --> Khandaani Shafakhana Quote --> HIV positive, TB positive, Malaria positive ... yeh medical line na eklauti line hai jismein positive ka matlab bad news hota hai
2020-05-10 16:39:52,926 INFO Movie --> Khandaani Shafakhana Quote --> Har ek friend zaroori hota hai ... par sirf apni zaroorat dekhne wala friend na ... friend nahi hota
2020-05-10 16:39:55,866 INFO Movie --> Laal Kaptaan Quote --> Zyada bhala na bolna ... zyada bhali na choop ... zyada bhala na barasna ... zyada bhali na dhoop
2020-05-10 16:39:55,906 INFO Movie --> Laal Kaptaan Quote --> Aadmi ke paida hote hi kaal apne bhaise pe baithke chal padta hai usse vapis lewane ... aadmi ki zindagi utni jitna samay us bhaise ko laga us tak pahunchne mein
2020-05-10 16:39:55,954 INFO Movie --> Laal Kaptaan Quote --> Joh aankhon se dikh jaaye ... woh zakhm hi kya
2020-05-10 16:39:56,006 INFO Movie --> Laal Kaptaan Quote --> Joh kaal ke saath badal jaaye woh akaal hi kaisa
2020-05-10 16:39:56,055 INFO Movie --> Laal Kaptaan Quote --> Maut ki taiyaari pehda hote hi shuru ho jaati hai
2020-05-10 16:39:56,104 INFO Movie --> Laal Kaptaan Quote --> Anjaane ko na jagaiye, jaane kaun jaag jaaye ... yeh teeno sote mare ... singh, saanp aur kaal
2020-05-10 16:39:56,152 INFO Movie --> Laal Kaptaan Quote --> Har Ram ka apna Ravan ... har Ram ka apna Dussehra
2020-05-10 16:40:00,162 INFO Movie --> Made In China Quote --> Business start karne ke liye sabse zaroori cheez kya hoti hai pata hai ... ispaat ke andhkosh
2020-05-10 16:40:00,206 INFO Movie --> Made In China Quote --> Sahi business wohi hai jahan aap problem ko nahi ... solution ko bechte hai
2020-05-10 16:40:00,250 INFO Movie --> Made In China Quote --> Sangharsh ko chunauti mat samjho ... sangharsh toh ek mauka hai ... sangharsh se aap bahut door tak ja sakte hai ... aur bina sangharsh ke aap kamyaabi ke nazdeek bhi nahi ja sakte
2020-05-10 16:40:00,295 INFO Movie --> Made In China Quote --> Aam aadmi sirf do tareeke se famous hota hai ... sahi jagah pe galat cheez bolke ... ya galat jagah pe sahi cheez bolke
2020-05-10 16:40:00,341 INFO Movie --> Made In China Quote --> Every crisis is an opportunity in disguise ... toh mushkil ko mauka bana aur maar de chauka
2020-05-10 16:40:00,385 INFO Movie --> Made In China Quote --> Har successful business ka ek secret hota hai ... trade secret ... yeh secret bandh muthi mein lakh ka hota hai ... aur khuli hatheli mein khak ka
2020-05-10 16:40:00,433 INFO Movie --> Made In China Quote --> Tough times don't last ... tough people do
2020-05-10 16:40:00,477 INFO Movie --> Made In China Quote --> Yeh zindagi kya hai, yeh duniya kya hai ... ek bahut bada WhatsApp group hai aur jiska admin kaun hai ... uparwala ... toh khushiyon ko forward karte rahiye ... zindagi ka data unlimited rahega
2020-05-10 16:40:00,520 INFO Movie --> Made In China Quote --> Businessmen idea bechte hai aur entrepreneur idea banate hai
2020-05-10 16:40:08,856 INFO Movie --> Marjaavaan Quote --> Jaan toh woh bhi leta hai, joh tadpata hai aur phir khud hi marham ban jaata hai ... ishq
2020-05-10 16:40:08,924 INFO Movie --> Marjaavaan Quote --> Main maut se darta nahi hoon ... maut se woh log darte hai jinhe jeene ka lalach ho ... aur jab se tum mili ho main lalchi ho gaya hoon
2020-05-10 16:40:08,985 INFO Movie --> Marjaavaan Quote --> Main badla nahi loonga ... main inteqam loonga
2020-05-10 16:40:09,028 INFO Movie --> Marjaavaan Quote --> Salaam-e-ishq meri jaan nahi qubool tujhko ... par tujhse pyar karne ki qubool hai bhool mujhko
2020-05-10 16:40:09,068 INFO Movie --> Marjaavaan Quote --> Bagavat ke liye ijazat ki zaroorat nahi ... rok sake is sher ko utni tum kutton mein taqat nahi
2020-05-10 16:40:09,106 INFO Movie --> Marjaavaan Quote --> Woh milta hai mushkil se joh sacha hota hai ... mil jaaye lekin jab sab accha hota hai
2020-05-10 16:40:09,145 INFO Movie --> Marjaavaan Quote --> Har prem kahani us din shuru hoti hai jab do log milte hai ... aur khatam tab hoti hai jab woh bichadte hai
2020-05-10 16:40:09,184 INFO Movie --> Marjaavaan Quote --> Main maarunga mar jayega ... dobara janam lene se darr jayega
2020-05-10 16:40:09,429 INFO Movie --> Marjaavaan Quote --> Mandir aur masjid dono milenge ... guzrega is desh ki jis gali se ... madad milegi har kisi ko ... maango ya Ali se ya Bajrangbali se
2020-05-10 16:40:09,622 INFO Movie --> Marjaavaan Quote --> Zara gaur se sunoge toh ehsaas hoga ki har ek cheez mein music hai ... baarish ki girti boondon mein ... aankhon se girte aansun mein ... kisi ke shor mein ... kisi ki khamoshi mein ... har ek dhadkan ... har ek saans mein
2020-05-10 16:40:09,712 INFO Movie --> Marjaavaan Quote --> Husn hazir hai mohabbat ki saza paane ko ... tere ishq mein marke dikha dungi zamane ko
2020-05-10 16:40:09,754 INFO Movie --> Marjaavaan Quote --> Agar bhagwan ne paida kiya toh khuda ne paala ... issa ne zinda rakha toh waheguru ne sambhala ... mera koi rab nahi, koi ek mazhab nahi
2020-05-10 16:40:09,806 INFO Movie --> Marjaavaan Quote --> Aisa kabhi socha na tha yeh anjaam hoga ... ek waqt ka badshah aaj ghulam hoga
2020-05-10 16:40:09,850 INFO Movie --> Marjaavaan Quote --> Jab tu paida hua tha tab sirf tera kadh chota tha ... lekin bade hokar teri harkatein usse choti nikli
2020-05-10 16:40:09,888 INFO Movie --> Marjaavaan Quote --> Maarunga kanpati pe ... dard mitega Ganpati pe
2020-05-10 16:40:09,935 INFO Movie --> Marjaavaan Quote --> Itihaas gawah hai ... taash ho ya zindagi ... begum ke chakkar mein badshah aur ghulam dono joker bane hai
2020-05-10 16:40:09,997 INFO Movie --> Marjaavaan Quote --> Raghukul reet sada chali aayi ... Ram ne hi Ravan ki chita jalai
2020-05-10 16:40:10,160 INFO Movie --> Marjaavaan Quote --> Bina badshah ki izazat jab awam khushiyan manati hai ... bagawat ki pehli nishani wohi hoti hai
2020-05-10 16:40:10,310 INFO Movie --> Marjaavaan Quote --> Ek Ravan dus sar ... ek Vishnu dus ka asar
2020-05-10 16:40:10,461 INFO Movie --> Marjaavaan Quote --> Teri tarah khuda ke ghar mein khoon bahana nahi ek sache musalman ki fitrat hai ... ruka hoon tere parvardigar ke, bahar aa agar tujh mein himmat hai
2020-05-10 16:40:10,615 INFO Movie --> Marjaavaan Quote --> Holi utni hi khelo jitna gulaal ho ... aur namak halaali karte karte na khud halaal ho
2020-05-10 16:40:10,704 INFO Movie --> Marjaavaan Quote --> Duniya ka sabse khatarnak hathyar, dhai kilo ki bandook nahi ... yeh dedh kilo ka dimaag hota hai
2020-05-10 16:40:10,767 INFO Movie --> Marjaavaan Quote --> Jumme ki raat hai ... badle ki baat hai ... Allah bachaye tujhe mere vaar se
2020-05-10 16:40:10,848 INFO Movie --> Marjaavaan Quote --> Dost ki dosti par se yakeen khona aasaan hai ... dushman ki dushmani par se yakeen khona aasaan nahi hai
2020-05-10 16:40:10,940 INFO Movie --> Marjaavaan Quote --> Bandook kitni bhi badi kyun na ho ... jaan lene wali goli choti hi hoti hai
2020-05-10 16:40:10,977 INFO Movie --> Marjaavaan Quote --> Pata hai deewangi ki height kya hai ... ek ladka bola ladki se, I love you ... ladki haskar boli, ha ha ha ha ... ladka apne dost se bola ... char baar haan boli
2020-05-10 16:40:11,016 INFO Movie --> Marjaavaan Quote --> Pata hai stupidity ki height kya hai ... ek kangi ke liye ladte huye do ganje
2020-05-10 16:40:11,141 INFO Movie --> Marjaavaan Quote --> Pata hai umeed ki height kya hai ... samundar ke kinare tatti karta hua lula ... is umeed mein ki lehrein aake dho dengi
2020-05-10 16:40:11,269 INFO Movie --> Marjaavaan Quote --> Todhunga bhi aur todh phodke jodhunga bhi
2020-05-10 16:40:11,367 INFO Movie --> Marjaavaan Quote --> Pata hai competition ki height kya hai ... Niagara Falls ke samne pishaab karta hua aadmi
2020-05-10 16:40:13,865 INFO Movie --> Marne Bhi Do Yaaron Quote --> Main samay hoon ... main dard nahi, dawa bhi nahi ... main khuda nahi, duaa bhi nahi ... yaaron mujhse darna nahi ... aur waqt se pehle kabhi marna nahi
2020-05-10 16:40:13,926 INFO Movie --> Marne Bhi Do Yaaron Quote --> Waqt ek parinda hai ... aur woh us hi ke saath hai joh zinda hai
2020-05-10 16:40:13,987 INFO Movie --> Marne Bhi Do Yaaron Quote --> Apne desh ki chitti ho ya mitti ho ... dono ko hi dekhkar bada sukoon milta hai
2020-05-10 16:40:14,037 INFO Movie --> Marne Bhi Do Yaaron Quote --> Aadmi chahe kitni bhi oonchaiyon par pahunch jaaye na ... lekin raaste pairon ke neeche hote hai
2020-05-10 16:40:14,084 INFO Movie --> Marne Bhi Do Yaaron Quote --> Main yoon hi logon ki kismat aazmata hoon ... waqt hoon na, waqt par hi aata hoon
2020-05-10 16:40:15,885 INFO Movie --> Milan Talkies Quote --> Film hit ho ya flop ho, zindagi super-hit honi chahiye boss ... aur zindagi tab super-hit hoti hai jab aapko woh hasil ho jaye joh aapne apne dil se chaha ho
2020-05-10 16:40:15,922 INFO Movie --> Milan Talkies Quote --> Sasti sharaab aur sasta sex nuksaan hi karta hai guru
2020-05-10 16:40:18,254 INFO Movie --> Mission Mangal Quote --> A dream is not what you see in sleep ... a dream is something which does not let you sleep
2020-05-10 16:40:18,299 INFO Movie --> Mission Mangal Quote --> Pray to whatever god you want ... just pray to the power, not the picture
2020-05-10 16:40:18,349 INFO Movie --> Mission Mangal Quote --> Poori duniya se kaho copy that
2020-05-10 16:40:18,394 INFO Movie --> Mission Mangal Quote --> Hamari har samasya ki marramat NASA se karvane jayenge ... toh hum satyanasa ho jayenge
2020-05-10 16:40:18,435 INFO Movie --> Mission Mangal Quote --> There's no science without experiments
2020-05-10 16:40:18,481 INFO Movie --> Mission Mangal Quote --> Mere scientist ban'ne ka koi matlab nahi hai ... agar mera science mere desh ke kaam na aaye
2020-05-10 16:40:20,167 INFO Movie --> Motichoor Chaknachoor Quote --> (Kaa kare feelings hi nahi aa rahe?) - Tum aankh band karo aur Burj Khalifa ke bare mein socho ... feelings apne aap aa jayegi
2020-05-10 16:40:20,205 INFO Movie --> Motichoor Chaknachoor Quote --> Aadmi aur bandar, kitne bhi budha jaaye ... gulati maarna nahi bhoolte
2020-05-10 16:40:20,250 INFO Movie --> Motichoor Chaknachoor Quote --> Kabab mein haddi aur jawani mein buddhi ... sahi na hoye
2020-05-10 16:40:20,298 INFO Movie --> Motichoor Chaknachoor Quote --> Hamao byah hoke rahega ... London, America, Dubai nahi mila toh ... Nepal, Sri Lanka, Bhutan toh milega
2020-05-10 16:40:20,342 INFO Movie --> Motichoor Chaknachoor Quote --> Iske salary ke din khatam aur pension ke din aane wale hai
2020-05-10 16:40:20,392 INFO Movie --> Motichoor Chaknachoor Quote --> Joh modhi bidaai pe roke na aaye ... woh sasural mein sabne rulaye
2020-05-10 16:40:24,597 INFO Movie --> Pagalpanti Quote --> Yeh sach hai ki calendar har tareek ko badalta hai ... lekin ek tareek aisi bhi aati hai joh calendar ko hi badal deti hai
2020-05-10 16:40:24,638 INFO Movie --> Pagalpanti Quote --> Agar niyat saaf ho aur aadmi imaandari se kaam kare ... toh sade-saati bhi uska kuch nahi bighad sakti
2020-05-10 16:40:24,685 INFO Movie --> Pagalpanti Quote --> Yeh six-pack, eight-pack, yeh body, kisi bhi gym mein ban sakti hai ... par aisa koi gym nahi bana jahan himmat banti ho
2020-05-10 16:40:24,732 INFO Movie --> Pagalpanti Quote --> Jeb mein zara sa chhed ho jaaye na ... toh sikkon se pehle rishtey gir jaate hai
2020-05-10 16:40:24,777 INFO Movie --> Pagalpanti Quote --> Is matlabi duniya mein agar koi bematlab ki baat bol jaaye ... toh us betmatlabi baat ka bhi bahut bada matlab hota hai ... aur tum jaise matlabi insaan ke saath rehne ka yeh matlab hai ki ... saari duniya ka matlab samajh mein aa jaata hai
2020-05-10 16:40:24,826 INFO Movie --> Pagalpanti Quote --> Paise se dushmani badh sakti hai ... pan dushmani se paisa nahi badh sakta
2020-05-10 16:40:24,873 INFO Movie --> Pagalpanti Quote --> Idea ice-cream ki tarah hoti hai ... zyada socho toh pighal jaati hai
2020-05-10 16:40:24,926 INFO Movie --> Pagalpanti Quote --> Hum log science mein maante hai ... non-science mein nahi
2020-05-10 16:40:24,988 INFO Movie --> Pagalpanti Quote --> Aapke dushman pe humne aisi dushmani nikali hai ... ki agar woh dushman bhi apne dushman ko dekh le na ... toh woh apni dushmani bhoolke us dushman pe taras khane lagega
2020-05-10 16:40:27,051 INFO Movie --> Panipat Quote --> Main is dharti ke mitti ke ek kann ke liye bhi marne ko taiyaar hoon
2020-05-10 16:40:27,099 INFO Movie --> Panipat Quote --> Main bhi tumhare saath chalungi ... sukh mein peeche rahungi aur dukh mein aage aa jaungi
2020-05-10 16:40:27,148 INFO Movie --> Panipat Quote --> Soorma wohi hai bade joh har haal mein lade ... sar hatheli par lekar chale ... dharam unka hai veerta, karam unka hai veerta ... jeet ya haar hogi yeh sochte nahi
2020-05-10 16:40:29,513 INFO Movie --> Pati Patni Aur Woh Quote --> Biwi se sex maang le toh hum bikhari ... biwi ko sex na de toh hum atyachari ... aur kisi tarah jugaad lagake usse sex hasil karle na toh balatkari bhi hum hai
2020-05-10 16:40:29,567 INFO Movie --> Pati Patni Aur Woh Quote --> Phir kabhi kisi ne aapke hasi ki tareef ki ... toh sochiyega yeh hasi aapke chehre pe hai kis wajah se
2020-05-10 16:40:29,622 INFO Movie --> Pati Patni Aur Woh Quote --> Zindagi mein ek hoti hai haqeeqat aur ek hoti hai kapol kalpana
2020-05-10 16:40:29,677 INFO Movie --> Pati Patni Aur Woh Quote --> Pati patni aur woh ke khele mein ... woh toh saala us gap ka naam hai ... joh pati aur patni apne beech mein aa jaane dete hai, khud hi
2020-05-10 16:40:29,717 INFO Movie --> Pati Patni Aur Woh Quote --> Aisa koi prashan nahi hai jiska uttar, Uttar Pradesh mein na mile
2020-05-10 16:40:29,760 INFO Movie --> Pati Patni Aur Woh Quote --> No but, no why ... free free bird and blue blue sky
2020-05-10 16:40:29,803 INFO Movie --> Pati Patni Aur Woh Quote --> Tum joh karte ho uspe pyar aata hai ... aur joh nahi karte uspe zyada pyar aata hai
2020-05-10 16:40:29,847 INFO Movie --> Pati Patni Aur Woh Quote --> Jahan chah wahan raah hoti hai ... aur jahan pyar wahan parwah hoti hai
2020-05-10 16:40:29,886 INFO Movie --> Pati Patni Aur Woh Quote --> Jaisi kaali raat mein khil uthta hai chaand ... in my classes you are the best teacher on demand
2020-05-10 16:40:32,732 INFO Movie --> PM Narendra Modi Quote --> Inke liye ek pariwar hi Hindustan hai ... aur mere liye Hindustan hi mera pariwar hai
2020-05-10 16:40:32,809 INFO Movie --> PM Narendra Modi Quote --> Jeetne ka maza tab aata hai jab sab aapke haarne ki umeed karte hai
2020-05-10 16:40:32,846 INFO Movie --> PM Narendra Modi Quote --> Modi ek insaan nahi ... ek soch hai
2020-05-10 16:40:34,713 INFO Movie --> Pranaam Quote --> Hum zindagi ko nahi ... zindagi humko plan karti hai
2020-05-10 16:40:34,750 INFO Movie --> Pranaam Quote --> Mauke aate nahi ... banaye jaate hai
2020-05-10 16:40:34,786 INFO Movie --> Pranaam Quote --> Sau sukh paaye maat pita jinke hoth sapoot ... narak bhog jeeye jaat hai jinke hoth kapoot
2020-05-10 16:40:34,824 INFO Movie --> Pranaam Quote --> Police aur neta is system ka woh hissa hai jinhe chheda nahi jaata ... lekin agar baat hadh se aage badh jaaye toh chhoda bhi nahi jaata
2020-05-10 16:40:37,392 INFO Movie --> Prasthanam Quote --> Rajneeti bolo toh ek second ... socho toh ek minute ... seekh lo toh kuch din ... lekin rajneeti samajhne ke liye poori zindagi nikal jaati hai
2020-05-10 16:40:37,436 INFO Movie --> Prasthanam Quote --> Politicians aur diapers ko badalna chahiye ... nahi toh gandagi phail jayegi
2020-05-10 16:40:37,477 INFO Movie --> Prasthanam Quote --> Politics mein ek cheez yaad rakhna ... sikka uchle ya na uchle ... keechad zaroor uchalta hai
2020-05-10 16:40:37,519 INFO Movie --> Prasthanam Quote --> Haq doge toh Ramayan shuru hogi ... cheenoge toh Mahabharat ... faisla tumhe karna hai Ramayan ke Mahabharat
2020-05-10 16:40:37,567 INFO Movie --> Prasthanam Quote --> Main bahut ajeeb hoon ... phal nahi milta hai toh pedh kaat deta hoon ... aur pedh nahi mila toh jadh kaat deta hoon
2020-05-10 16:40:37,617 INFO Movie --> Prasthanam Quote --> Politics sher ki sawari hai ... ek baar utar gaye toh jaan se bhi haath dho behetoge
2020-05-10 16:40:37,663 INFO Movie --> Prasthanam Quote --> Jung joh hai na gurde se jeeti jaati hai ... goli se nahi
2020-05-10 16:40:37,705 INFO Movie --> Prasthanam Quote --> Jab kaatne ki aukaad nahi ho na ... toh bhaukna bhi nahi chahiye
2020-05-10 16:40:43,041 INFO Movie --> Romeo Akbar Walter Quote --> Apni position se retire hona bahut aasaan hai ... magar apni soch se bahut mushkil
2020-05-10 16:40:45,326 INFO Movie --> S.P. Chauhan Quote --> Achi maa har bete ke naseeb mein hove ... par acha beta har maa ke naseeb mein nahi hota
2020-05-10 16:40:47,265 INFO Movie --> Saaho Quote --> Jab bache baat nahi maante toh unhe kahani sunai jaati hai ... jab badhe baat nahi maante toh unhe raaz bataye jaate hai
2020-05-10 16:40:47,305 INFO Movie --> Saaho Quote --> Gully cricket mein toh sab Tendulkar hai ... asli talent woh hota hai joh bhare maidan ke bahar sixer maar sake
2020-05-10 16:40:47,350 INFO Movie --> Saaho Quote --> Hamara rishta din aur raat jaisa hai ... dono ek doosre ke mohtaj hai ... aur ek saath reh bhi nahi sakte
2020-05-10 16:40:47,386 INFO Movie --> Saaho Quote --> Main tujhe itni jagah se khol doonga ... ke poore shehar ke mochi milke tujhe phir se sil nahi payenge
2020-05-10 16:40:49,215 INFO Movie --> Saand Ki Aankh Quote --> (Aurat chahe kisi bhi mukaam par pahunch jaye, par apni sahi umar batane se katrati hai) - Sahi umar batane mein ke hai ... par asal mein aurat us umar ka sahi hisaab na lage sake hai joh usne apne liye jee ho
2020-05-10 16:40:49,257 INFO Movie --> Saand Ki Aankh Quote --> Tann buddha hove hai ... mann buddha nahi hota
2020-05-10 16:40:49,306 INFO Movie --> Saand Ki Aankh Quote --> Mardangi dhoti aur moochon mein na hove hai ... mardangi jigar mein hove hai
2020-05-10 16:40:52,297 INFO Movie --> Student Of The Year 2 Quote --> Din tera tha ... saal mera hoga
2020-05-10 16:40:52,347 INFO Movie --> Student Of The Year 2 Quote --> Jinke apne khud ke sapne nahi hote ... unki poori life auron ke sapne poore karne mein lag jaati hai ... issi liye life mein apna sapna khud chhuno ... aur usse khuli aankhon se dekho ... taaki jab woh sach ho toh sabse pehle woh tumhe dikhe
2020-05-10 16:40:52,395 INFO Movie --> Student Of The Year 2 Quote --> Life agar maidan hai toh usse do hisso mein divide karo ... ek mein sapne, doosre mein asliyat ... jisse paar wohi karta hai joh bharosa kismat se zyada apni mehnat par kare
2020-05-10 16:40:52,439 INFO Movie --> Student Of The Year 2 Quote --> Jis din kabaddi kabaddi khelte huye tere paale mein ghusunga ... teri izzat ke saath saath teri pehchaan ko bhi hawa mein uchaal dunga
2020-05-10 16:40:52,491 INFO Movie --> Student Of The Year 2 Quote --> Duniya dekhne se zyada na ... main chahti hoon ki duniya mujhe dekhe
2020-05-10 16:40:55,719 INFO Movie --> Super 30 Quote --> Yeh ameer log apne liye khud chikna sadak banaye ... hamari raah mein aisa bada bada ghadda khod diye ... lekin yehi woh sabse badi galati kar diye ... humko saala chalang lagana sikha diye ... jab samay aayega toh sabse bada aur sabse lamba chalang hum hi maarenge
2020-05-10 16:40:55,758 INFO Movie --> Super 30 Quote --> Aaj raja ka beta raja nahi banega ... raja wohi banega joh haqdaar hoga
2020-05-10 16:40:55,805 INFO Movie --> Super 30 Quote --> Prayaas aur safalta ke beech mein ek hi number ka farak hota hai
2020-05-10 16:40:55,847 INFO Movie --> Super 30 Quote --> Jab ek ghar mein ek bacha padh leta hai na ... toh us ghar ka, us pariwar ka, maata pita ka, aane wali saat pushton ka ... sabka life hamesha ke liye badal jaata hai
2020-05-10 16:40:55,887 INFO Movie --> Super 30 Quote --> Aapatti se hi aavishkar ka janam hota hai
2020-05-10 16:40:55,924 INFO Movie --> Super 30 Quote --> Jitna aapka jeb khali ... utna aapki taleem bhaari
2020-05-10 16:40:55,966 INFO Movie --> Super 30 Quote --> Baatne se gyaan do ka chaar ho jaata hai ... aur na baatne se do ka zero
2020-05-10 16:41:02,196 INFO Movie --> The Tashkent Files Quote --> Rajneeti mein kuch sach nahi hota ... yehi iska sach hai
2020-05-10 16:41:02,238 INFO Movie --> The Tashkent Files Quote --> Raajneeti mein jeetna bahut zaroori hai ... kyun ki haare huye log desh ki taqdeer nahi badal sakte
2020-05-10 16:41:02,277 INFO Movie --> The Tashkent Files Quote --> Kings sabko yaad rehte hai ... kingmakers yaad nahi rehte
2020-05-10 16:41:02,316 INFO Movie --> The Tashkent Files Quote --> Ek murder ke clues murder se pehle nahi ... balki murder ke baad kya hota hai us mein chupe hote hai
2020-05-10 16:41:02,353 INFO Movie --> The Tashkent Files Quote --> Shashtri ji ne humein naara diya hai ... jai jawaan jai kisaan ... aur is sarkar ka naara kya hai ... jai shaitaan jai haivaan
2020-05-10 16:41:02,390 INFO Movie --> The Tashkent Files Quote --> Idiots hai woh jinko sach se darr lagta hai ... darna rumours se chahiye ... kyun ki rumour ko agar roka na gaya toh woh aisa sach ban jaata hai ... jiske saamne sach bhi jhooth lagne lagta hai
2020-05-10 16:41:02,428 INFO Movie --> The Tashkent Files Quote --> Past ko bhoola ja sakta hai, usse bacha nahi ja sakta ... ek na ek din woh aakar hamare saamne zaroor khada ho jaata hai
2020-05-10 16:41:03,939 INFO Movie --> The Zoya Factor Quote --> Dengue, malaria, polio ... inse bhi zyada khatarnak bimaari hai cricket
2020-05-10 16:41:03,979 INFO Movie --> The Zoya Factor Quote --> Success mein na luck ka koi importance nahi hota hai ... woh sirf failure ke liye ek bahana hai
2020-05-10 16:41:04,018 INFO Movie --> The Zoya Factor Quote --> Players ka skill yeh tay karta hai ki ball ki speed kya hogi ... bat ka angle kya hoga ... aur fielder kis second pe upar koodhega ... par catch hoga ya sixer ... yeh toh sirf luck factor pe depend karta hai
2020-05-10 16:41:10,681 INFO Movie --> War Quote --> Hum bhi chal rahe the ... saaye bhi wahan the ... ishaare the kitne ... samajhdaar kahan the
2020-05-10 16:41:10,727 INFO Movie --> War Quote --> Mauka mile toh goli chala dena, sochna mat ... main nahi sochunga
2020-05-10 16:41:10,774 INFO Movie --> War Quote --> Match khatam hone se pehle jeetni ki poori koshish karo ... bhaago, daudo, khelo, ladho, sab kuch ... par ek baar match khatam ho jaaye toh yeh mat socho ki tum haare ya jeete ... balki apne aap se yeh poocho, ki did I give it my very best or not ... aur agar tumhara jawaab haan hai ... then you're a winner
2020-05-10 16:41:10,820 INFO Movie --> War Quote --> Sabse pehle watan ... uske baad watan ... aur aakhir mein watan
2020-05-10 16:41:10,866 INFO Movie --> War Quote --> Aap kisi aur tak pahunche ... usse pehle main aap tak pahuchunga
2020-05-10 16:42:36,215 INFO Movie --> Mard Ko Dard Nahi Hota Quote --> Har mind blowing kahani ke peeche na ... kuch bahut hi bure decisions hote hai
2020-05-10 16:42:36,262 INFO Movie --> Mard Ko Dard Nahi Hota Quote --> Nazar gul toh goti gul
2020-05-10 16:42:36,306 INFO Movie --> Mard Ko Dard Nahi Hota Quote --> Bruce Lee se zyada zaroori ab life mein saheli hai
2020-05-10 16:43:29,681 INFO Movie --> Sonu Ke Titu Ki Sweety Quote --> Is duniya ke har chu*iye ko lagta hai ki uski wali alag hai ... aur tere mooh se yeh alag hai sunke mujhe yakeen ho gaya hai ki "L" lagne wale hai
2020-05-10 16:43:42,821 INFO Movie --> Veere Di Wedding Quote --> Guess what an orgasm is called in Hindi ladies ... "charam sukh"
2020-05-10 16:46:14,038 INFO Movie --> Qarib Qarib Singlle Quote --> Log har peshe mein khudko ghulam kehte hai ... hum ishq karne wale shayari ko kaam kehte hai
2020-05-10 16:47:06,353 INFO Movie --> Ae Dil Hai Mushkil Quote --> Har shayara ko shaadi kar leni chahiye ... shohar achcha mile toh zindagi achchi kat jaati hai ... na mile toh shayari achchi ho hi jaati hai
2020-05-10 16:48:42,662 INFO Movie --> Junooniyat Quote --> Har sher mein alfaaz toh hote hai ... par har alfaaz shayari nahi ... pyar toh sab karte hai ... par har pyar junooniyat nahi
2020-05-10 16:49:21,919 INFO Movie --> Pink Quote --> "Na" sirf ek shabd nahi ... apne aap mein ek poora vakya hai ... isse kisi tarakh, spashtikaran, explanation ya vyakhya ki zaroorat nahi hoti ... na ka matlab na hi hota hai
2020-05-10 16:50:07,090 INFO Movie --> Wajah Tum Ho Quote --> Revenge, you have many faces
2020-05-10 16:50:46,183 INFO Movie --> Bombay Velvet Quote --> Picture jab housefull hota hai na ... toh ticket us-hich ko milta hai jiski manager tak pehchan ho
2020-05-10 16:50:55,251 INFO Movie --> Charlie Kay Chakkar Mein Quote --> Aa gaya superstar aur maina ... ab hoga melodrama, hai na?
2020-05-10 16:52:09,989 INFO Movie --> Pyaar Ka Punchnama 2 Quote --> Aadmi ka dimaag jeevan ka gyan sookne ke liye bana hai ... lekin kuch ch*tiye isse auraton ka ch*tiyapa sookne ke liye istemaal karte hai
2020-05-10 16:52:10,033 INFO Movie --> Pyaar Ka Punchnama 2 Quote --> Ek relationship mein pade huye aadmi ka dimaag nichhodke agar aap dekhe ... toh aapko balti bharke ch*tiyapa milega
2020-05-10 16:52:10,607 INFO Movie --> Pyaar Ka Punchnama 2 Quote --> Inka sabse bada ch*tiyapa yeh hai ki inhe sex ke baad bhi baat karni hai ... meetha khane ke baad koi soup peeta hai kya?
2020-05-10 16:52:47,461 INFO Movie --> 2 States Quote --> Budhi ho ya jawaan ... melodrama is duniya ki sari auraton ke khoon mein hota hai
2020-05-10 16:52:58,745 INFO Movie --> Bewakoofiyaan Quote --> If there is love ... toh tees rupaye aur ek cup coffee enough hai happiness ke liye
2020-05-10 16:54:17,812 INFO Movie --> Humshakals Quote --> Kya house hai, kya blouse hai, kya aapka koi spouse hai?
2020-05-10 16:55:09,416 INFO Movie --> Ragini MMS 2 Quote --> Horror film ka asli mazaa toh raat ko akele mein hi aata hai
2020-05-10 16:55:14,193 INFO Movie --> Raja Natwarlal Quote --> Risk aur opportunity ke beech mein hi toh chance milta hai ... aur joh us chance ke saath romance karta hai ... wohi asli raja kehlata hai
2020-05-10 16:57:13,265 INFO Movie --> Jackpot Quote --> The house always wins!
2020-05-10 16:57:45,103 INFO Movie --> Nautanki Saala Quote --> Yeh theater hai theater ... yahan drama nahi chalega
2020-05-10 16:59:48,016 INFO Movie --> Bol Bachchan Quote --> Vazan uthane waale ki baaton mein kya vazan aaya hai ... action hero ke andhar romance ka tadka nazar aaya hai
2020-05-10 16:59:56,493 INFO Movie --> Cocktail Quote --> Everything that's in the house is on the house
2020-05-10 17:01:20,094 INFO Movie --> Mere Dost Picture Abhi Baki Hai Quote --> Film mein location hi location hai, situation hai hi nahi ... film mein star hi star hai, story hai hi nahi ... film mein action hi action hai, bomb hi bomb hai ... sex aur comedy kam hai
2020-05-10 17:02:38,759 INFO Movie --> Don 2 Quote --> "Sir" ... Sir bahut sharif sa lagta hai ... call me Don
2020-05-10 17:02:42,644 INFO Movie --> Double Dhamaal Quote --> Comedy picture ke thakele joker log
2020-05-10 17:03:38,621 INFO Movie --> Pyaar Ka Punchnama Quote --> Ab pata chala yeh aadmiyon ko itne heart attack kyun aate hai aur yeh gay bandhe itne successful kyun hote hai ... because they don't have a woman to screw their happiness na
2020-05-10 17:03:38,697 INFO Movie --> Pyaar Ka Punchnama Quote --> Relationship ka matlab hi hota hai an end to your own happiness
2020-05-10 17:04:16,250 INFO Movie --> Tere Mere Phere Quote --> Umar ke saath saath na parents bachche ban jaate hai aur bachche parents
2020-05-10 17:04:49,559 INFO Movie --> Aisha Quote --> Thoda butter, thoda drama aur thoda tears mix karo ... and papa ki koi bhi na yes ho jaati hai
2020-05-10 17:05:51,223 INFO Movie --> Kites Quote --> Money can buy you happiness ... if you know where to shop
2020-05-10 17:07:23,312 INFO Movie --> All The Best Quote --> Comedy toh abhi abhi shuru ki hai beta ... action main tees saal se karta aa raha hoon
2020-05-10 17:08:44,618 INFO Movie --> Raat Gayi Baat Gayi? Quote --> Happiness is good health and a bad memory
2020-05-10 17:09:14,918 INFO Movie --> What's Your Raashee? Quote --> Zindagi mein romance aate hi zindagi kitni magical ho jaati hogi na?
2020-05-10 17:09:47,167 INFO Movie --> Dostana Quote --> Only shak ... no f*ck!
2020-05-10 17:11:04,382 INFO Movie --> Sarkar Raj Quote --> Soch hamesha achchi hoti hai ... matlab badal jaata hai
2020-05-10 17:12:46,767 INFO Movie --> Gandhi My Father Quote --> "Karo ya maro" ... hum Bharat ko azaad karenge ya phir ussi koshish mein apni jaan dedenge
2020-05-10 17:13:30,623 INFO Movie --> Life Mein Kabhie Kabhiee Quote --> Happiness is nothing but the absence of sadness
2020-05-10 17:15:44,515 INFO Movie --> Kudiyon Ka Hai Zamaana Quote --> Romance time dekh karke todhi na aata hai ... romance bhi divorce ki tarah ho jaata hai bas
2020-05-10 17:18:11,307 INFO Movie --> Maine Pyaar Kyun Kiya Quote --> Shaadi shuda zindagi mein pyar ki daal agar thandi padh jaye ... toh us mein romance ka tadka lagake fresh kar dena chahiye
2020-05-10 17:18:42,862 INFO Movie --> Sarkar Quote --> Silver Mani light matters mein comedy karte hai ... serious matters mein murder
2020-05-10 17:21:08,043 INFO Movie --> Swades Quote --> Apni chaukhat ka diya ... giving light to neighbor's house
2020-05-10 17:21:16,837 INFO Movie --> Veer Zaara Quote --> Mohabbat kitaabon mein hoti hai, shayari mein hoti hai ... zindagi mein nahi
